<?xml version="1.0" encoding="UTF-8"?>
<robot generator="Robot 6.0.2 (Python 3.11.2 on win32)" generated="20230309 01:30:11.582" rpa="false" schemaversion="3">
<suite id="s1" name="Login &amp; Product">
<suite id="s1-s1" name="Login" source="C:\qaninja\swagLabs\tests\01__login.robot">
<test id="s1-s1-t1" name="Successfully login in on the page" line="8">
<kw name="Open the browser and go to https://www.saucedemo.com/" library="utils" type="SETUP" sourcename="Open the browser and go to ${url}">
<kw name="Open Browser" library="SeleniumLibrary">
<arg>${url}</arg>
<arg>chrome</arg>
<doc>Opens a new browser instance to the optional ``url``.</doc>
<msg timestamp="20230309 01:30:11.713" level="INFO">Opening browser 'chrome' to base url 'https://www.saucedemo.com/'.</msg>
<status status="PASS" starttime="20230309 01:30:11.713" endtime="20230309 01:30:16.140"/>
</kw>
<kw name="Wait Until Page Contains Element" library="SeleniumLibrary">
<arg>//div[contains(text(), 'Swag Labs')]</arg>
<doc>Waits until the element ``locator`` appears on the current page.</doc>
<status status="PASS" starttime="20230309 01:30:16.140" endtime="20230309 01:30:16.147"/>
</kw>
<kw name="Wait Until Page Contains Element" library="SeleniumLibrary">
<arg>xpath://*[@class='login_wrapper-inner']</arg>
<doc>Waits until the element ``locator`` appears on the current page.</doc>
<status status="PASS" starttime="20230309 01:30:16.147" endtime="20230309 01:30:16.152"/>
</kw>
<status status="PASS" starttime="20230309 01:30:11.713" endtime="20230309 01:30:16.152"/>
</kw>
<kw name="Given the user is on the login page" library="login">
<kw name="Wait Until Page Contains Element" library="SeleniumLibrary">
<arg>xpath://div[contains(text(), 'Swag Labs')]</arg>
<doc>Waits until the element ``locator`` appears on the current page.</doc>
<status status="PASS" starttime="20230309 01:30:16.152" endtime="20230309 01:30:16.156"/>
</kw>
<kw name="Wait Until Page Contains Element" library="SeleniumLibrary">
<arg>xpath://*[@class='login_wrapper-inner']</arg>
<doc>Waits until the element ``locator`` appears on the current page.</doc>
<status status="PASS" starttime="20230309 01:30:16.156" endtime="20230309 01:30:16.159"/>
</kw>
<status status="PASS" starttime="20230309 01:30:16.152" endtime="20230309 01:30:16.159"/>
</kw>
<kw name="When the user fill the login field with standard_user" library="login" sourcename="the user fill the login field with ${username}">
<kw name="Page Should Contain Element" library="SeleniumLibrary">
<arg>${usernameID}</arg>
<doc>Verifies that element ``locator`` is found on the current page.</doc>
<msg timestamp="20230309 01:30:16.165" level="INFO">Current page contains element 'id:user-name'.</msg>
<status status="PASS" starttime="20230309 01:30:16.160" endtime="20230309 01:30:16.165"/>
</kw>
<kw name="Input Text" library="SeleniumLibrary">
<arg>${usernameID}</arg>
<arg>${username}</arg>
<doc>Types the given ``text`` into the text field identified by ``locator``.</doc>
<msg timestamp="20230309 01:30:16.165" level="INFO">Typing text 'standard_user' into text field 'id:user-name'.</msg>
<status status="PASS" starttime="20230309 01:30:16.165" endtime="20230309 01:30:16.211"/>
</kw>
<kw name="Page Should Contain Element" library="SeleniumLibrary">
<arg>xpath://input[@value='${username}']</arg>
<doc>Verifies that element ``locator`` is found on the current page.</doc>
<msg timestamp="20230309 01:30:16.216" level="INFO">Current page contains element 'xpath://input[@value='standard_user']'.</msg>
<status status="PASS" starttime="20230309 01:30:16.211" endtime="20230309 01:30:16.216"/>
</kw>
<status status="PASS" starttime="20230309 01:30:16.160" endtime="20230309 01:30:16.216"/>
</kw>
<kw name="And the user fill the password with secret_sauce" library="login" sourcename="the user fill the password with ${password}">
<kw name="Page Should Contain Element" library="SeleniumLibrary">
<arg>${passwordID}</arg>
<doc>Verifies that element ``locator`` is found on the current page.</doc>
<msg timestamp="20230309 01:30:16.222" level="INFO">Current page contains element 'id:password'.</msg>
<status status="PASS" starttime="20230309 01:30:16.217" endtime="20230309 01:30:16.222"/>
</kw>
<kw name="Input Text" library="SeleniumLibrary">
<arg>${passwordID}</arg>
<arg>${password}</arg>
<doc>Types the given ``text`` into the text field identified by ``locator``.</doc>
<msg timestamp="20230309 01:30:16.222" level="INFO">Typing text 'secret_sauce' into text field 'id:password'.</msg>
<status status="PASS" starttime="20230309 01:30:16.222" endtime="20230309 01:30:16.262"/>
</kw>
<kw name="Page Should Contain Element" library="SeleniumLibrary">
<arg>xpath://input[@value='${password}']</arg>
<doc>Verifies that element ``locator`` is found on the current page.</doc>
<msg timestamp="20230309 01:30:16.267" level="INFO">Current page contains element 'xpath://input[@value='secret_sauce']'.</msg>
<status status="PASS" starttime="20230309 01:30:16.262" endtime="20230309 01:30:16.267"/>
</kw>
<status status="PASS" starttime="20230309 01:30:16.216" endtime="20230309 01:30:16.267"/>
</kw>
<kw name="And the user clicks on login button" library="login">
<kw name="Page Should Contain Element" library="SeleniumLibrary">
<arg>${login_btnID}</arg>
<doc>Verifies that element ``locator`` is found on the current page.</doc>
<msg timestamp="20230309 01:30:16.273" level="INFO">Current page contains element 'id:login-button'.</msg>
<status status="PASS" starttime="20230309 01:30:16.268" endtime="20230309 01:30:16.273"/>
</kw>
<kw name="Click Button" library="SeleniumLibrary">
<arg>${login_btnID}</arg>
<doc>Clicks the button identified by ``locator``.</doc>
<msg timestamp="20230309 01:30:16.273" level="INFO">Clicking button 'id:login-button'.</msg>
<status status="PASS" starttime="20230309 01:30:16.273" endtime="20230309 01:30:16.323"/>
</kw>
<status status="PASS" starttime="20230309 01:30:16.267" endtime="20230309 01:30:16.323"/>
</kw>
<kw name="Then the user will see the products page" library="login">
<kw name="Page Should Contain Element" library="SeleniumLibrary">
<arg>${productMenuID}</arg>
<doc>Verifies that element ``locator`` is found on the current page.</doc>
<msg timestamp="20230309 01:30:16.329" level="INFO">Current page contains element 'id:react-burger-menu-btn'.</msg>
<status status="PASS" starttime="20230309 01:30:16.323" endtime="20230309 01:30:16.329"/>
</kw>
<kw name="Page Should Contain Element" library="SeleniumLibrary">
<arg>xpath://span[contains(text(), 'Products')]</arg>
<doc>Verifies that element ``locator`` is found on the current page.</doc>
<msg timestamp="20230309 01:30:16.335" level="INFO">Current page contains element 'xpath://span[contains(text(), 'Products')]'.</msg>
<status status="PASS" starttime="20230309 01:30:16.329" endtime="20230309 01:30:16.335"/>
</kw>
<status status="PASS" starttime="20230309 01:30:16.323" endtime="20230309 01:30:16.335"/>
</kw>
<kw name="Close Browser" library="SeleniumLibrary" type="TEARDOWN">
<doc>Closes the current browser.</doc>
<status status="PASS" starttime="20230309 01:30:16.335" endtime="20230309 01:30:18.411"/>
</kw>
<status status="PASS" starttime="20230309 01:30:11.712" endtime="20230309 01:30:18.411"/>
</test>
<test id="s1-s1-t2" name="Failure to login on the page" line="15">
<kw name="Open the browser and go to https://www.saucedemo.com/" library="utils" type="SETUP" sourcename="Open the browser and go to ${url}">
<kw name="Open Browser" library="SeleniumLibrary">
<arg>${url}</arg>
<arg>chrome</arg>
<doc>Opens a new browser instance to the optional ``url``.</doc>
<msg timestamp="20230309 01:30:18.413" level="INFO">Opening browser 'chrome' to base url 'https://www.saucedemo.com/'.</msg>
<status status="PASS" starttime="20230309 01:30:18.413" endtime="20230309 01:30:22.804"/>
</kw>
<kw name="Wait Until Page Contains Element" library="SeleniumLibrary">
<arg>//div[contains(text(), 'Swag Labs')]</arg>
<doc>Waits until the element ``locator`` appears on the current page.</doc>
<status status="PASS" starttime="20230309 01:30:22.804" endtime="20230309 01:30:22.811"/>
</kw>
<kw name="Wait Until Page Contains Element" library="SeleniumLibrary">
<arg>xpath://*[@class='login_wrapper-inner']</arg>
<doc>Waits until the element ``locator`` appears on the current page.</doc>
<status status="PASS" starttime="20230309 01:30:22.811" endtime="20230309 01:30:22.816"/>
</kw>
<status status="PASS" starttime="20230309 01:30:18.413" endtime="20230309 01:30:22.816"/>
</kw>
<kw name="Given the user is on the login page" library="login">
<kw name="Wait Until Page Contains Element" library="SeleniumLibrary">
<arg>xpath://div[contains(text(), 'Swag Labs')]</arg>
<doc>Waits until the element ``locator`` appears on the current page.</doc>
<status status="PASS" starttime="20230309 01:30:22.817" endtime="20230309 01:30:22.820"/>
</kw>
<kw name="Wait Until Page Contains Element" library="SeleniumLibrary">
<arg>xpath://*[@class='login_wrapper-inner']</arg>
<doc>Waits until the element ``locator`` appears on the current page.</doc>
<status status="PASS" starttime="20230309 01:30:22.820" endtime="20230309 01:30:22.823"/>
</kw>
<status status="PASS" starttime="20230309 01:30:22.816" endtime="20230309 01:30:22.823"/>
</kw>
<kw name="When the user fill the login field with wrong_user" library="login" sourcename="the user fill the login field with ${username}">
<kw name="Page Should Contain Element" library="SeleniumLibrary">
<arg>${usernameID}</arg>
<doc>Verifies that element ``locator`` is found on the current page.</doc>
<msg timestamp="20230309 01:30:22.828" level="INFO">Current page contains element 'id:user-name'.</msg>
<status status="PASS" starttime="20230309 01:30:22.823" endtime="20230309 01:30:22.828"/>
</kw>
<kw name="Input Text" library="SeleniumLibrary">
<arg>${usernameID}</arg>
<arg>${username}</arg>
<doc>Types the given ``text`` into the text field identified by ``locator``.</doc>
<msg timestamp="20230309 01:30:22.829" level="INFO">Typing text 'wrong_user' into text field 'id:user-name'.</msg>
<status status="PASS" starttime="20230309 01:30:22.828" endtime="20230309 01:30:22.873"/>
</kw>
<kw name="Page Should Contain Element" library="SeleniumLibrary">
<arg>xpath://input[@value='${username}']</arg>
<doc>Verifies that element ``locator`` is found on the current page.</doc>
<msg timestamp="20230309 01:30:22.879" level="INFO">Current page contains element 'xpath://input[@value='wrong_user']'.</msg>
<status status="PASS" starttime="20230309 01:30:22.873" endtime="20230309 01:30:22.879"/>
</kw>
<status status="PASS" starttime="20230309 01:30:22.823" endtime="20230309 01:30:22.879"/>
</kw>
<kw name="And the user fill the password with wrong_pass" library="login" sourcename="the user fill the password with ${password}">
<kw name="Page Should Contain Element" library="SeleniumLibrary">
<arg>${passwordID}</arg>
<doc>Verifies that element ``locator`` is found on the current page.</doc>
<msg timestamp="20230309 01:30:22.884" level="INFO">Current page contains element 'id:password'.</msg>
<status status="PASS" starttime="20230309 01:30:22.879" endtime="20230309 01:30:22.884"/>
</kw>
<kw name="Input Text" library="SeleniumLibrary">
<arg>${passwordID}</arg>
<arg>${password}</arg>
<doc>Types the given ``text`` into the text field identified by ``locator``.</doc>
<msg timestamp="20230309 01:30:22.884" level="INFO">Typing text 'wrong_pass' into text field 'id:password'.</msg>
<status status="PASS" starttime="20230309 01:30:22.884" endtime="20230309 01:30:22.923"/>
</kw>
<kw name="Page Should Contain Element" library="SeleniumLibrary">
<arg>xpath://input[@value='${password}']</arg>
<doc>Verifies that element ``locator`` is found on the current page.</doc>
<msg timestamp="20230309 01:30:22.928" level="INFO">Current page contains element 'xpath://input[@value='wrong_pass']'.</msg>
<status status="PASS" starttime="20230309 01:30:22.923" endtime="20230309 01:30:22.929"/>
</kw>
<status status="PASS" starttime="20230309 01:30:22.879" endtime="20230309 01:30:22.929"/>
</kw>
<kw name="And the user clicks on login button" library="login">
<kw name="Page Should Contain Element" library="SeleniumLibrary">
<arg>${login_btnID}</arg>
<doc>Verifies that element ``locator`` is found on the current page.</doc>
<msg timestamp="20230309 01:30:22.934" level="INFO">Current page contains element 'id:login-button'.</msg>
<status status="PASS" starttime="20230309 01:30:22.929" endtime="20230309 01:30:22.934"/>
</kw>
<kw name="Click Button" library="SeleniumLibrary">
<arg>${login_btnID}</arg>
<doc>Clicks the button identified by ``locator``.</doc>
<msg timestamp="20230309 01:30:22.935" level="INFO">Clicking button 'id:login-button'.</msg>
<status status="PASS" starttime="20230309 01:30:22.934" endtime="20230309 01:30:22.962"/>
</kw>
<status status="PASS" starttime="20230309 01:30:22.929" endtime="20230309 01:30:22.962"/>
</kw>
<kw name="Then the user will not see the products page" library="login">
<kw name="Page Should Contain Element" library="SeleniumLibrary">
<arg>xpath://*[contains(text(), ' Username and password do not match')]</arg>
<doc>Verifies that element ``locator`` is found on the current page.</doc>
<msg timestamp="20230309 01:30:22.968" level="INFO">Current page contains element 'xpath://*[contains(text(), ' Username and password do not match')]'.</msg>
<status status="PASS" starttime="20230309 01:30:22.963" endtime="20230309 01:30:22.968"/>
</kw>
<kw name="Page Should Not Contain Element" library="SeleniumLibrary">
<arg>${productMenuID}</arg>
<doc>Verifies that element ``locator`` is not found on the current page.</doc>
<msg timestamp="20230309 01:30:22.973" level="INFO">Current page does not contain element 'id:react-burger-menu-btn'.</msg>
<status status="PASS" starttime="20230309 01:30:22.968" endtime="20230309 01:30:22.973"/>
</kw>
<kw name="Page Should Not Contain Element" library="SeleniumLibrary">
<arg>xpath://span[contains(text(), 'Products')]</arg>
<doc>Verifies that element ``locator`` is not found on the current page.</doc>
<msg timestamp="20230309 01:30:22.978" level="INFO">Current page does not contain element 'xpath://span[contains(text(), 'Products')]'.</msg>
<status status="PASS" starttime="20230309 01:30:22.973" endtime="20230309 01:30:22.978"/>
</kw>
<status status="PASS" starttime="20230309 01:30:22.963" endtime="20230309 01:30:22.978"/>
</kw>
<kw name="Close Browser" library="SeleniumLibrary" type="TEARDOWN">
<doc>Closes the current browser.</doc>
<status status="PASS" starttime="20230309 01:30:22.978" endtime="20230309 01:30:25.057"/>
</kw>
<status status="PASS" starttime="20230309 01:30:18.412" endtime="20230309 01:30:25.057"/>
</test>
<doc>This test suite was created to teste the functionality of the login page</doc>
<status status="PASS" starttime="20230309 01:30:11.596" endtime="20230309 01:30:25.058"/>
</suite>
<suite id="s1-s2" name="Product" source="C:\qaninja\swagLabs\tests\02__product.robot">
<test id="s1-s2-t1" name="Successfully add a product on the cart" line="9">
<kw name="Run Keywords" library="BuiltIn" type="SETUP">
<arg>Open the browser and go to ${swagLabs_url}</arg>
<arg>AND</arg>
<arg>Login on the page</arg>
<doc>Executes all the given keywords in a sequence.</doc>
<kw name="Open the browser and go to ${swagLabs_url}" library="utils" sourcename="Open the browser and go to ${url}">
<kw name="Open Browser" library="SeleniumLibrary">
<arg>${url}</arg>
<arg>chrome</arg>
<doc>Opens a new browser instance to the optional ``url``.</doc>
<msg timestamp="20230309 01:30:25.066" level="INFO">Opening browser 'chrome' to base url 'https://www.saucedemo.com/'.</msg>
<status status="PASS" starttime="20230309 01:30:25.066" endtime="20230309 01:30:29.459"/>
</kw>
<kw name="Wait Until Page Contains Element" library="SeleniumLibrary">
<arg>//div[contains(text(), 'Swag Labs')]</arg>
<doc>Waits until the element ``locator`` appears on the current page.</doc>
<status status="PASS" starttime="20230309 01:30:29.459" endtime="20230309 01:30:29.465"/>
</kw>
<kw name="Wait Until Page Contains Element" library="SeleniumLibrary">
<arg>xpath://*[@class='login_wrapper-inner']</arg>
<doc>Waits until the element ``locator`` appears on the current page.</doc>
<status status="PASS" starttime="20230309 01:30:29.465" endtime="20230309 01:30:29.470"/>
</kw>
<status status="PASS" starttime="20230309 01:30:25.066" endtime="20230309 01:30:29.470"/>
</kw>
<kw name="Login on the page" library="utils">
<kw name="Given the user is on the login page" library="login">
<kw name="Wait Until Page Contains Element" library="SeleniumLibrary">
<arg>xpath://div[contains(text(), 'Swag Labs')]</arg>
<doc>Waits until the element ``locator`` appears on the current page.</doc>
<status status="PASS" starttime="20230309 01:30:29.471" endtime="20230309 01:30:29.474"/>
</kw>
<kw name="Wait Until Page Contains Element" library="SeleniumLibrary">
<arg>xpath://*[@class='login_wrapper-inner']</arg>
<doc>Waits until the element ``locator`` appears on the current page.</doc>
<status status="PASS" starttime="20230309 01:30:29.474" endtime="20230309 01:30:29.477"/>
</kw>
<status status="PASS" starttime="20230309 01:30:29.471" endtime="20230309 01:30:29.477"/>
</kw>
<kw name="When the user fill the login field with standard_user" library="login" sourcename="the user fill the login field with ${username}">
<kw name="Page Should Contain Element" library="SeleniumLibrary">
<arg>${usernameID}</arg>
<doc>Verifies that element ``locator`` is found on the current page.</doc>
<msg timestamp="20230309 01:30:29.482" level="INFO">Current page contains element 'id:user-name'.</msg>
<status status="PASS" starttime="20230309 01:30:29.477" endtime="20230309 01:30:29.482"/>
</kw>
<kw name="Input Text" library="SeleniumLibrary">
<arg>${usernameID}</arg>
<arg>${username}</arg>
<doc>Types the given ``text`` into the text field identified by ``locator``.</doc>
<msg timestamp="20230309 01:30:29.482" level="INFO">Typing text 'standard_user' into text field 'id:user-name'.</msg>
<status status="PASS" starttime="20230309 01:30:29.482" endtime="20230309 01:30:29.527"/>
</kw>
<kw name="Page Should Contain Element" library="SeleniumLibrary">
<arg>xpath://input[@value='${username}']</arg>
<doc>Verifies that element ``locator`` is found on the current page.</doc>
<msg timestamp="20230309 01:30:29.533" level="INFO">Current page contains element 'xpath://input[@value='standard_user']'.</msg>
<status status="PASS" starttime="20230309 01:30:29.527" endtime="20230309 01:30:29.533"/>
</kw>
<status status="PASS" starttime="20230309 01:30:29.477" endtime="20230309 01:30:29.533"/>
</kw>
<kw name="And the user fill the password with secret_sauce" library="login" sourcename="the user fill the password with ${password}">
<kw name="Page Should Contain Element" library="SeleniumLibrary">
<arg>${passwordID}</arg>
<doc>Verifies that element ``locator`` is found on the current page.</doc>
<msg timestamp="20230309 01:30:29.538" level="INFO">Current page contains element 'id:password'.</msg>
<status status="PASS" starttime="20230309 01:30:29.533" endtime="20230309 01:30:29.538"/>
</kw>
<kw name="Input Text" library="SeleniumLibrary">
<arg>${passwordID}</arg>
<arg>${password}</arg>
<doc>Types the given ``text`` into the text field identified by ``locator``.</doc>
<msg timestamp="20230309 01:30:29.539" level="INFO">Typing text 'secret_sauce' into text field 'id:password'.</msg>
<status status="PASS" starttime="20230309 01:30:29.538" endtime="20230309 01:30:29.578"/>
</kw>
<kw name="Page Should Contain Element" library="SeleniumLibrary">
<arg>xpath://input[@value='${password}']</arg>
<doc>Verifies that element ``locator`` is found on the current page.</doc>
<msg timestamp="20230309 01:30:29.584" level="INFO">Current page contains element 'xpath://input[@value='secret_sauce']'.</msg>
<status status="PASS" starttime="20230309 01:30:29.578" endtime="20230309 01:30:29.584"/>
</kw>
<status status="PASS" starttime="20230309 01:30:29.533" endtime="20230309 01:30:29.584"/>
</kw>
<kw name="And the user clicks on login button" library="login">
<kw name="Page Should Contain Element" library="SeleniumLibrary">
<arg>${login_btnID}</arg>
<doc>Verifies that element ``locator`` is found on the current page.</doc>
<msg timestamp="20230309 01:30:29.589" level="INFO">Current page contains element 'id:login-button'.</msg>
<status status="PASS" starttime="20230309 01:30:29.584" endtime="20230309 01:30:29.589"/>
</kw>
<kw name="Click Button" library="SeleniumLibrary">
<arg>${login_btnID}</arg>
<doc>Clicks the button identified by ``locator``.</doc>
<msg timestamp="20230309 01:30:29.589" level="INFO">Clicking button 'id:login-button'.</msg>
<status status="PASS" starttime="20230309 01:30:29.589" endtime="20230309 01:30:29.637"/>
</kw>
<status status="PASS" starttime="20230309 01:30:29.584" endtime="20230309 01:30:29.637"/>
</kw>
<kw name="Then the user will see the products page" library="login">
<kw name="Page Should Contain Element" library="SeleniumLibrary">
<arg>${productMenuID}</arg>
<doc>Verifies that element ``locator`` is found on the current page.</doc>
<msg timestamp="20230309 01:30:29.645" level="INFO">Current page contains element 'id:react-burger-menu-btn'.</msg>
<status status="PASS" starttime="20230309 01:30:29.638" endtime="20230309 01:30:29.645"/>
</kw>
<kw name="Page Should Contain Element" library="SeleniumLibrary">
<arg>xpath://span[contains(text(), 'Products')]</arg>
<doc>Verifies that element ``locator`` is found on the current page.</doc>
<msg timestamp="20230309 01:30:29.650" level="INFO">Current page contains element 'xpath://span[contains(text(), 'Products')]'.</msg>
<status status="PASS" starttime="20230309 01:30:29.645" endtime="20230309 01:30:29.650"/>
</kw>
<status status="PASS" starttime="20230309 01:30:29.637" endtime="20230309 01:30:29.650"/>
</kw>
<status status="PASS" starttime="20230309 01:30:29.470" endtime="20230309 01:30:29.650"/>
</kw>
<status status="PASS" starttime="20230309 01:30:25.066" endtime="20230309 01:30:29.650"/>
</kw>
<kw name="Given the user is on the product page" library="products">
<kw name="Page Should Contain Element" library="SeleniumLibrary">
<arg>${productMenuID}</arg>
<doc>Verifies that element ``locator`` is found on the current page.</doc>
<msg timestamp="20230309 01:30:29.653" level="INFO">Current page contains element 'id:react-burger-menu-btn'.</msg>
<status status="PASS" starttime="20230309 01:30:29.650" endtime="20230309 01:30:29.653"/>
</kw>
<kw name="Page Should Contain Element" library="SeleniumLibrary">
<arg>xpath://span[contains(text(), 'Products')]</arg>
<doc>Verifies that element ``locator`` is found on the current page.</doc>
<msg timestamp="20230309 01:30:29.657" level="INFO">Current page contains element 'xpath://span[contains(text(), 'Products')]'.</msg>
<status status="PASS" starttime="20230309 01:30:29.653" endtime="20230309 01:30:29.657"/>
</kw>
<status status="PASS" starttime="20230309 01:30:29.650" endtime="20230309 01:30:29.657"/>
</kw>
<kw name="When the user select the product named Sauce Labs Backpack" library="products" sourcename="the user select the product named ${product_name}">
<kw name="Page Should Contain Element" library="SeleniumLibrary">
<arg>xpath://div[@class = 'inventory_list']</arg>
<doc>Verifies that element ``locator`` is found on the current page.</doc>
<msg timestamp="20230309 01:30:29.662" level="INFO">Current page contains element 'xpath://div[@class = 'inventory_list']'.</msg>
<status status="PASS" starttime="20230309 01:30:29.657" endtime="20230309 01:30:29.662"/>
</kw>
<kw name="Page Should Contain Element" library="SeleniumLibrary">
<arg>xpath://div[contains(text(), '${product_name}')]</arg>
<doc>Verifies that element ``locator`` is found on the current page.</doc>
<msg timestamp="20230309 01:30:29.668" level="INFO">Current page contains element 'xpath://div[contains(text(), 'Sauce Labs Backpack')]'.</msg>
<status status="PASS" starttime="20230309 01:30:29.663" endtime="20230309 01:30:29.668"/>
</kw>
<kw name="Click Element" library="SeleniumLibrary">
<arg>xpath://div[contains(text(), '${product_name}')]</arg>
<doc>Click the element identified by ``locator``.</doc>
<msg timestamp="20230309 01:30:29.668" level="INFO">Clicking element 'xpath://div[contains(text(), 'Sauce Labs Backpack')]'.</msg>
<status status="PASS" starttime="20230309 01:30:29.668" endtime="20230309 01:30:29.691"/>
</kw>
<status status="PASS" starttime="20230309 01:30:29.657" endtime="20230309 01:30:29.692"/>
</kw>
<kw name="And the user checks if is the right Sauce Labs Backpack is selected" library="products" sourcename="the user checks if is the right ${product_name} is selected">
<kw name="Element Should Be Visible" library="SeleniumLibrary">
<arg>xpath://div[contains(text(), '${product_name}')]</arg>
<doc>Verifies that the element identified by ``locator`` is visible.</doc>
<msg timestamp="20230309 01:30:29.702" level="INFO">Element 'xpath://div[contains(text(), 'Sauce Labs Backpack')]' is displayed.</msg>
<status status="PASS" starttime="20230309 01:30:29.692" endtime="20230309 01:30:29.702"/>
</kw>
<status status="PASS" starttime="20230309 01:30:29.692" endtime="20230309 01:30:29.702"/>
</kw>
<kw name="And the user add 1 product to the cart" library="products" sourcename="the user add ${number} product to the cart">
<kw name="Element Should Be Visible" library="SeleniumLibrary">
<arg>${addToCartID_btn}</arg>
<doc>Verifies that the element identified by ``locator`` is visible.</doc>
<msg timestamp="20230309 01:30:29.715" level="INFO">Element 'xpath://button[contains(text(), 'Add to cart')]' is displayed.</msg>
<status status="PASS" starttime="20230309 01:30:29.703" endtime="20230309 01:30:29.715"/>
</kw>
<kw name="Click Button" library="SeleniumLibrary">
<arg>${addToCartID_btn}</arg>
<doc>Clicks the button identified by ``locator``.</doc>
<msg timestamp="20230309 01:30:29.715" level="INFO">Clicking button 'xpath://button[contains(text(), 'Add to cart')]'.</msg>
<status status="PASS" starttime="20230309 01:30:29.715" endtime="20230309 01:30:29.741"/>
</kw>
<kw name="Page Should Contain Element" library="SeleniumLibrary">
<arg>//span[contains(text(), '${number}')]</arg>
<doc>Verifies that element ``locator`` is found on the current page.</doc>
<msg timestamp="20230309 01:30:29.746" level="INFO">Current page contains element '//span[contains(text(), '1')]'.</msg>
<status status="PASS" starttime="20230309 01:30:29.741" endtime="20230309 01:30:29.746"/>
</kw>
<status status="PASS" starttime="20230309 01:30:29.703" endtime="20230309 01:30:29.747"/>
</kw>
<kw name="And the user go to the cart page" library="products">
<kw name="Element Should Be Visible" library="SeleniumLibrary">
<arg>${cartID}</arg>
<doc>Verifies that the element identified by ``locator`` is visible.</doc>
<msg timestamp="20230309 01:30:29.755" level="INFO">Element 'id:shopping_cart_container' is displayed.</msg>
<status status="PASS" starttime="20230309 01:30:29.747" endtime="20230309 01:30:29.756"/>
</kw>
<kw name="Click Element" library="SeleniumLibrary">
<arg>${cartID}</arg>
<doc>Click the element identified by ``locator``.</doc>
<msg timestamp="20230309 01:30:29.756" level="INFO">Clicking element 'id:shopping_cart_container'.</msg>
<status status="PASS" starttime="20230309 01:30:29.756" endtime="20230309 01:30:29.777"/>
</kw>
<kw name="Element Should Be Visible" library="SeleniumLibrary">
<arg>${cartPageLabelID}</arg>
<doc>Verifies that the element identified by ``locator`` is visible.</doc>
<msg timestamp="20230309 01:30:29.789" level="INFO">Element 'xpath://span[contains(text(), 'Your Cart')]' is displayed.</msg>
<status status="PASS" starttime="20230309 01:30:29.777" endtime="20230309 01:30:29.789"/>
</kw>
<kw name="Page Should Contain Element" library="SeleniumLibrary">
<arg>${cartItemID}</arg>
<doc>Verifies that element ``locator`` is found on the current page.</doc>
<msg timestamp="20230309 01:30:29.796" level="INFO">Current page contains element '//div[@class = 'cart_item']'.</msg>
<status status="PASS" starttime="20230309 01:30:29.789" endtime="20230309 01:30:29.796"/>
</kw>
<status status="PASS" starttime="20230309 01:30:29.747" endtime="20230309 01:30:29.796"/>
</kw>
<kw name="Then the user will see the Sauce Labs Backpack product on the cart" library="products" sourcename="the user will see the ${product_name} product on the cart">
<kw name="Element Should Be Visible" library="SeleniumLibrary">
<arg>xpath://div[@class = 'cart_item']//div[contains(text(), '${product_name}')]</arg>
<doc>Verifies that the element identified by ``locator`` is visible.</doc>
<msg timestamp="20230309 01:30:29.807" level="INFO">Element 'xpath://div[@class = 'cart_item']//div[contains(text(), 'Sauce Labs Backpack')]' is displayed.</msg>
<status status="PASS" starttime="20230309 01:30:29.797" endtime="20230309 01:30:29.807"/>
</kw>
<status status="PASS" starttime="20230309 01:30:29.797" endtime="20230309 01:30:29.807"/>
</kw>
<kw name="Close Browser" library="SeleniumLibrary" type="TEARDOWN">
<doc>Closes the current browser.</doc>
<status status="PASS" starttime="20230309 01:30:29.807" endtime="20230309 01:30:31.901"/>
</kw>
<status status="PASS" starttime="20230309 01:30:25.065" endtime="20230309 01:30:31.901"/>
</test>
<doc>This test suite was created to teste the functionality of the products page</doc>
<status status="PASS" starttime="20230309 01:30:25.059" endtime="20230309 01:30:31.902"/>
</suite>
<status status="PASS" starttime="20230309 01:30:11.583" endtime="20230309 01:30:31.903"/>
</suite>
<statistics>
<total>
<stat pass="3" fail="0" skip="0">All Tests</stat>
</total>
<tag>
</tag>
<suite>
<stat pass="3" fail="0" skip="0" id="s1" name="Login &amp; Product">Login &amp; Product</stat>
<stat pass="2" fail="0" skip="0" id="s1-s1" name="Login">Login &amp; Product.Login</stat>
<stat pass="1" fail="0" skip="0" id="s1-s2" name="Product">Login &amp; Product.Product</stat>
</suite>
</statistics>
<errors>
</errors>
</robot>
